<?xml version="1.0" encoding="UTF-8"?>
<robot generator="Robot 5.0.1 (Python 3.10.5 on win32)" generated="20220720 21:39:17.141" rpa="false" schemaversion="3">
<suite id="s1" name="TestBlogTest" source="C:\leslie\projects practice\robotBlogTest\TestBlogTest.robot">
<test id="s1-t1" name="Caso de Teste 01: Pesquisar um post" line="7">
<kw name="Acessar a página do blog" library="ResourceBlogTest" type="SETUP">
<kw name="Open Browser" library="SeleniumLibrary">
<arg>url=${URL}</arg>
<arg>browser=${BROWSER}</arg>
<doc>Opens a new browser instance to the optional ``url``.</doc>
<msg timestamp="20220720 21:39:17.394" level="INFO">Opening browser 'chrome' to base url 'https://robotizandotestes.blogspot.com/'.</msg>
<status status="PASS" starttime="20220720 21:39:17.394" endtime="20220720 21:39:23.421"/>
</kw>
<kw name="Title Should Be" library="SeleniumLibrary">
<arg>Robotizando Testes</arg>
<doc>Verifies that the current page title equals ``title``.</doc>
<msg timestamp="20220720 21:39:23.435" level="INFO">Page title is 'Robotizando Testes'.</msg>
<status status="PASS" starttime="20220720 21:39:23.421" endtime="20220720 21:39:23.435"/>
</kw>
<status status="PASS" starttime="20220720 21:39:17.394" endtime="20220720 21:39:23.435"/>
</kw>
<kw name="Pesquisar por um post com &quot;Season Premiere: Introdução ao Robot Framework&quot;" library="ResourceBlogTest" sourcename="Pesquisar por um post com &quot;${TEXTO_PESQUISA}&quot;">
<kw name="Wait Until Element Is Visible" library="SeleniumLibrary">
<arg>locator=${BTN_PESQUISAR}</arg>
<doc>Waits until the element ``locator`` is visible.</doc>
<status status="PASS" starttime="20220720 21:39:23.435" endtime="20220720 21:39:23.531"/>
</kw>
<kw name="Click Button" library="SeleniumLibrary">
<arg>${BTN_PESQUISAR}</arg>
<doc>Clicks the button identified by ``locator``.</doc>
<msg timestamp="20220720 21:39:23.531" level="INFO">Clicking button 'css=button.search-expand.touch-icon-button'.</msg>
<status status="PASS" starttime="20220720 21:39:23.531" endtime="20220720 21:39:23.631"/>
</kw>
<kw name="Input Text" library="SeleniumLibrary">
<arg>${INPUT_PESQUISAR}</arg>
<arg>${TEXTO_PESQUISA}</arg>
<doc>Types the given ``text`` into the text field identified by ``locator``.</doc>
<msg timestamp="20220720 21:39:23.631" level="INFO">Typing text 'Season Premiere: Introdução ao Robot Framework' into text field 'name=q'.</msg>
<status status="PASS" starttime="20220720 21:39:23.631" endtime="20220720 21:39:23.815"/>
</kw>
<kw name="Click Element" library="SeleniumLibrary">
<arg>${SUBMIT_PESQUISAR}</arg>
<doc>Click the element identified by ``locator``.</doc>
<msg timestamp="20220720 21:39:23.815" level="INFO">Clicking element 'css=input.search-action.flat-button'.</msg>
<status status="PASS" starttime="20220720 21:39:23.815" endtime="20220720 21:39:26.138"/>
</kw>
<status status="PASS" starttime="20220720 21:39:23.435" endtime="20220720 21:39:26.138"/>
</kw>
<kw name="Conferir mensagem de pesquisa por &quot;Mostrando postagens que correspondem à pesquisa por Season Premiere: Introdução ao Robot Framework&quot;" library="ResourceBlogTest" sourcename="Conferir mensagem de pesquisa por &quot;${MSG_DESEJADA}&quot;">
<kw name="Page Should Contain" library="SeleniumLibrary">
<arg>${MSG_DESEJADA}</arg>
<doc>Verifies that current page contains ``text``.</doc>
<msg timestamp="20220720 21:39:26.164" level="INFO">Current page contains text 'Mostrando postagens que correspondem à pesquisa por Season Premiere: Introdução ao Robot Framework'.</msg>
<status status="PASS" starttime="20220720 21:39:26.138" endtime="20220720 21:39:26.164"/>
</kw>
<status status="PASS" starttime="20220720 21:39:26.138" endtime="20220720 21:39:26.164"/>
</kw>
<kw name="Fechar Navegador" library="ResourceBlogTest">
<kw name="Close Browser" library="SeleniumLibrary">
<doc>Closes the current browser.</doc>
<status status="PASS" starttime="20220720 21:39:26.169" endtime="20220720 21:39:28.374"/>
</kw>
<status status="PASS" starttime="20220720 21:39:26.168" endtime="20220720 21:39:28.374"/>
</kw>
<kw name="Fechar Navegador" library="ResourceBlogTest" type="TEARDOWN">
<kw name="Close Browser" library="SeleniumLibrary">
<doc>Closes the current browser.</doc>
<status status="PASS" starttime="20220720 21:39:28.374" endtime="20220720 21:39:28.374"/>
</kw>
<status status="PASS" starttime="20220720 21:39:28.374" endtime="20220720 21:39:28.374"/>
</kw>
<status status="PASS" starttime="20220720 21:39:17.394" endtime="20220720 21:39:28.374"/>
</test>
<test id="s1-t2" name="Caso de Teste 02: Ler um post" line="13">
<kw name="Acessar a página do blog" library="ResourceBlogTest" type="SETUP">
<kw name="Open Browser" library="SeleniumLibrary">
<arg>url=${URL}</arg>
<arg>browser=${BROWSER}</arg>
<doc>Opens a new browser instance to the optional ``url``.</doc>
<msg timestamp="20220720 21:39:28.374" level="INFO">Opening browser 'chrome' to base url 'https://robotizandotestes.blogspot.com/'.</msg>
<status status="PASS" starttime="20220720 21:39:28.374" endtime="20220720 21:39:34.449"/>
</kw>
<kw name="Title Should Be" library="SeleniumLibrary">
<arg>Robotizando Testes</arg>
<doc>Verifies that the current page title equals ``title``.</doc>
<msg timestamp="20220720 21:39:34.460" level="INFO">Page title is 'Robotizando Testes'.</msg>
<status status="PASS" starttime="20220720 21:39:34.449" endtime="20220720 21:39:34.460"/>
</kw>
<status status="PASS" starttime="20220720 21:39:28.374" endtime="20220720 21:39:34.460"/>
</kw>
<kw name="Acessar o post &quot;Season Premiere: Introdução ao Robot Framework&quot;" library="ResourceBlogTest" sourcename="Acessar o post &quot;${TEXTO_PESQUISA}&quot;">
<kw name="Pesquisar por um post com &quot;${TEXTO_PESQUISA}&quot;" library="ResourceBlogTest" sourcename="Pesquisar por um post com &quot;${TEXTO_PESQUISA}&quot;">
<kw name="Wait Until Element Is Visible" library="SeleniumLibrary">
<arg>locator=${BTN_PESQUISAR}</arg>
<doc>Waits until the element ``locator`` is visible.</doc>
<status status="PASS" starttime="20220720 21:39:34.460" endtime="20220720 21:39:34.486"/>
</kw>
<kw name="Click Button" library="SeleniumLibrary">
<arg>${BTN_PESQUISAR}</arg>
<doc>Clicks the button identified by ``locator``.</doc>
<msg timestamp="20220720 21:39:34.486" level="INFO">Clicking button 'css=button.search-expand.touch-icon-button'.</msg>
<status status="PASS" starttime="20220720 21:39:34.486" endtime="20220720 21:39:34.585"/>
</kw>
<kw name="Input Text" library="SeleniumLibrary">
<arg>${INPUT_PESQUISAR}</arg>
<arg>${TEXTO_PESQUISA}</arg>
<doc>Types the given ``text`` into the text field identified by ``locator``.</doc>
<msg timestamp="20220720 21:39:34.586" level="INFO">Typing text 'Season Premiere: Introdução ao Robot Framework' into text field 'name=q'.</msg>
<status status="PASS" starttime="20220720 21:39:34.585" endtime="20220720 21:39:34.770"/>
</kw>
<kw name="Click Element" library="SeleniumLibrary">
<arg>${SUBMIT_PESQUISAR}</arg>
<doc>Click the element identified by ``locator``.</doc>
<msg timestamp="20220720 21:39:34.771" level="INFO">Clicking element 'css=input.search-action.flat-button'.</msg>
<status status="PASS" starttime="20220720 21:39:34.771" endtime="20220720 21:39:38.387"/>
</kw>
<status status="PASS" starttime="20220720 21:39:34.460" endtime="20220720 21:39:38.387"/>
</kw>
<kw name="Click Element" library="SeleniumLibrary">
<arg>${LINK_POST}</arg>
<doc>Click the element identified by ``locator``.</doc>
<msg timestamp="20220720 21:39:38.387" level="INFO">Clicking element 'xpath=//a[contains(text(), 'Season Premiere: Introdução ao Robot Framework')]'.</msg>
<status status="PASS" starttime="20220720 21:39:38.387" endtime="20220720 21:39:39.759"/>
</kw>
<kw name="Wait Until Page Contains" library="SeleniumLibrary">
<arg>O que é Robot Framework?</arg>
<doc>Waits until ``text`` appears on the current page.</doc>
<status status="PASS" starttime="20220720 21:39:39.759" endtime="20220720 21:39:39.791"/>
</kw>
<status status="PASS" starttime="20220720 21:39:34.460" endtime="20220720 21:39:39.791"/>
</kw>
<kw name="Conferir se a imagen do robô aparece" library="ResourceBlogTest">
<kw name="Page Should Contain Image" library="SeleniumLibrary">
<arg>${IMG_ROBO}</arg>
<doc>Verifies image identified by ``locator`` is found from current page.</doc>
<msg timestamp="20220720 21:39:39.820" level="INFO">Current page contains image 'xpath=//img[contains(@src, 'if_Robot_18_385830_grande')]'.</msg>
<status status="PASS" starttime="20220720 21:39:39.791" endtime="20220720 21:39:39.820"/>
</kw>
<status status="PASS" starttime="20220720 21:39:39.791" endtime="20220720 21:39:39.820"/>
</kw>
<kw name="Conferir se o texto &quot;nesse post vou apresentar-lhes o astro deste blog:&quot;" library="ResourceBlogTest" sourcename="Conferir se o texto &quot;${TEXTO_DESEJADO}&quot;">
<kw name="Page Should Contain" library="SeleniumLibrary">
<arg>${TEXTO_DESEJADO}</arg>
<doc>Verifies that current page contains ``text``.</doc>
<msg timestamp="20220720 21:39:39.846" level="INFO">Current page contains text 'nesse post vou apresentar-lhes o astro deste blog:'.</msg>
<status status="PASS" starttime="20220720 21:39:39.822" endtime="20220720 21:39:39.846"/>
</kw>
<status status="PASS" starttime="20220720 21:39:39.822" endtime="20220720 21:39:39.846"/>
</kw>
<kw name="Fechar Navegador" library="ResourceBlogTest" type="TEARDOWN">
<kw name="Close Browser" library="SeleniumLibrary">
<doc>Closes the current browser.</doc>
<status status="PASS" starttime="20220720 21:39:39.848" endtime="20220720 21:39:42.007"/>
</kw>
<status status="PASS" starttime="20220720 21:39:39.847" endtime="20220720 21:39:42.007"/>
</kw>
<status status="PASS" starttime="20220720 21:39:28.374" endtime="20220720 21:39:42.008"/>
</test>
<status status="PASS" starttime="20220720 21:39:17.156" endtime="20220720 21:39:42.011"/>
</suite>
<statistics>
<total>
<stat pass="2" fail="0" skip="0">All Tests</stat>
</total>
<tag>
</tag>
<suite>
<stat pass="2" fail="0" skip="0" id="s1" name="TestBlogTest">TestBlogTest</stat>
</suite>
</statistics>
<errors>
</errors>
</robot>
